<?xml version="1.0" encoding="UTF-8"?>
<!-- Generated by org.testng.reporters.JUnitReportReporter -->
<testsuite hostname="LAPTOP-DCNJ5NNK" failures="0" tests="1" name="com.w2a.testcases.LoginTest" time="0.097" errors="0" timestamp="2025-01-23T14:58:57 IST" skipped="0">
  <testcase classname="com.w2a.testcases.LoginTest" name="LoginAsBankManager" time="0.097"/>
</testsuite> <!-- com.w2a.testcases.LoginTest -->
