<?xml version="1.0" encoding="UTF-8"?>
<!-- Generated by org.testng.reporters.JUnitReportReporter -->
<testsuite hostname="LAPTOP-DCNJ5NNK" failures="0" tests="1" name="com.w2a.testcases.BankManagerLoginTest" time="0.237" errors="0" timestamp="2025-01-23T17:17:45 IST" skipped="0">
  <testcase classname="com.w2a.testcases.BankManagerLoginTest" name="LoginAsBankManager" time="0.237"/>
</testsuite> <!-- com.w2a.testcases.BankManagerLoginTest -->
